Nov 08 07:02:50 +0000 OX-672db79a23f4a [  warning]  count(): Parameter must be an array or an object that implements Countable
Nov 08 07:02:50 +0000 OX-672db79a23f4a [  warning]  count(): Parameter must be an array or an object that implements Countable
Nov 08 07:02:50 +0000 OX-672db79a23f4a [  warning]  count(): Parameter must be an array or an object that implements Countable
Nov 08 07:02:50 +0000 OX-672db79a23f4a [  warning]  count(): Parameter must be an array or an object that implements Countable
Nov 08 07:02:50 +0000 OX-672db79a23f4a [  warning]  count(): Parameter must be an array or an object that implements Countable
Nov 08 07:02:50 +0000 OX-672db79a23f4a [  warning]  count(): Parameter must be an array or an object that implements Countable
Nov 08 07:02:50 +0000 OX-672db79a23f4a [  warning]  count(): Parameter must be an array or an object that implements Countable
Nov 08 07:02:50 +0000 OX-672db79a23f4a [  warning]  count(): Parameter must be an array or an object that implements Countable
Nov 08 07:02:50 +0000 OX-672db79a23f4a [  warning]  count(): Parameter must be an array or an object that implements Countable
Nov 08 07:02:50 +0000 OX-672db79a23f4a [  warning]  count(): Parameter must be an array or an object that implements Countable
Nov 08 07:02:50 +0000 OX-672db79a23f4a [  warning]  count(): Parameter must be an array or an object that implements Countable
Nov 08 07:02:50 +0000 OX-672db79a23f4a [  warning]  count(): Parameter must be an array or an object that implements Countable
Nov 08 07:02:50 +0000 OX-672db79a23f4a [  warning]  count(): Parameter must be an array or an object that implements Countable
Nov 08 07:02:50 +0000 OX-672db79a23f4a [  warning]  count(): Parameter must be an array or an object that implements Countable
Nov 08 07:02:50 +0000 OX-672db79a23f4a [  warning]  count(): Parameter must be an array or an object that implements Countable
Nov 08 07:02:50 +0000 OX-672db79a23f4a [  warning]  count(): Parameter must be an array or an object that implements Countable
Nov 08 07:02:50 +0000 OX-672db79a23f4a [  warning]  count(): Parameter must be an array or an object that implements Countable
Nov 08 07:02:50 +0000 OX-672db79a23f4a [  warning]  count(): Parameter must be an array or an object that implements Countable
Nov 08 07:02:50 +0000 OX-672db79a23f4a [  warning]  count(): Parameter must be an array or an object that implements Countable
Nov 08 07:02:50 +0000 OX-672db79a23f4a [  warning]  count(): Parameter must be an array or an object that implements Countable
Nov 08 07:02:50 +0000 OX-672db79a23f4a [  warning]  count(): Parameter must be an array or an object that implements Countable
Nov 08 07:02:50 +0000 OX-672db79a23f4a [  warning]  count(): Parameter must be an array or an object that implements Countable
Nov 08 07:02:50 +0000 OX-672db79a23f4a [  warning]  count(): Parameter must be an array or an object that implements Countable
Nov 08 07:02:50 +0000 OX-672db79a23f4a [  warning]  count(): Parameter must be an array or an object that implements Countable
Nov 08 07:02:50 +0000 OX-672db79a23f4a [  warning]  count(): Parameter must be an array or an object that implements Countable
Nov 08 07:02:50 +0000 OX-672db79a23f4a [  warning]  count(): Parameter must be an array or an object that implements Countable
Nov 08 07:02:50 +0000 OX-672db79a23f4a [  warning]  count(): Parameter must be an array or an object that implements Countable
Nov 08 07:02:50 +0000 OX-672db79a23f4a [  warning]  count(): Parameter must be an array or an object that implements Countable
Nov 08 07:02:50 +0000 OX-672db79a23f4a [  warning]  count(): Parameter must be an array or an object that implements Countable
Nov 08 07:02:50 +0000 OX-672db79a23f4a [  warning]  count(): Parameter must be an array or an object that implements Countable
Nov 08 07:02:50 +0000 OX-672db79a23f4a [  warning]  count(): Parameter must be an array or an object that implements Countable
Nov 08 07:02:50 +0000 OX-672db79a23f4a [  warning]  count(): Parameter must be an array or an object that implements Countable
Nov 08 07:02:50 +0000 OX-672db79a23f4a [  warning]  count(): Parameter must be an array or an object that implements Countable
Nov 08 07:02:50 +0000 OX-672db79a23f4a [  warning]  count(): Parameter must be an array or an object that implements Countable
Nov 08 07:02:50 +0000 OX-672db79a23f4a [  warning]  count(): Parameter must be an array or an object that implements Countable
Nov 08 07:02:50 +0000 OX-672db79a23f4a [  warning]  count(): Parameter must be an array or an object that implements Countable
Nov 08 07:02:50 +0000 OX-672db79a23f4a [  warning]  count(): Parameter must be an array or an object that implements Countable
Nov 08 07:02:50 +0000 OX-672db79a23f4a [  warning]  count(): Parameter must be an array or an object that implements Countable
Nov 08 07:02:50 +0000 OX-672db79a23f4a [  warning]  count(): Parameter must be an array or an object that implements Countable
Nov 08 07:02:50 +0000 OX-672db79a23f4a [  warning]  count(): Parameter must be an array or an object that implements Countable
Nov 08 07:02:50 +0000 OX-672db79a23f4a [  warning]  count(): Parameter must be an array or an object that implements Countable
Nov 08 07:02:50 +0000 OX-672db79a23f4a [  warning]  count(): Parameter must be an array or an object that implements Countable
Nov 08 07:02:50 +0000 OX-672db79a23f4a [  warning]  count(): Parameter must be an array or an object that implements Countable
Nov 08 07:02:50 +0000 OX-672db79a23f4a [  warning]  count(): Parameter must be an array or an object that implements Countable
Nov 08 07:02:50 +0000 OX-672db79a23f4a [  warning]  count(): Parameter must be an array or an object that implements Countable
Nov 08 07:02:50 +0000 OX-672db79a23f4a [  warning]  count(): Parameter must be an array or an object that implements Countable
Nov 08 07:03:01 +0000 OX-672db7a5389cc [    error]  Unable to drop table rv_account_preference_assoc
Nov 08 07:03:01 +0000 OX-672db7a5389cc [    error]  Unable to drop the table account_preference_assoc
Nov 08 07:03:01 +0000 OX-672db7a5389cc [    error]  Unable to drop table rv_account_user_assoc
Nov 08 07:03:01 +0000 OX-672db7a5389cc [    error]  Unable to drop the table account_user_assoc
Nov 08 07:03:01 +0000 OX-672db7a5389cc [    error]  Unable to drop table rv_account_user_permission_assoc
Nov 08 07:03:01 +0000 OX-672db7a5389cc [    error]  Unable to drop the table account_user_permission_assoc
Nov 08 07:03:01 +0000 OX-672db7a5389cc [    error]  Unable to drop table rv_accounts
Nov 08 07:03:01 +0000 OX-672db7a5389cc [    error]  Unable to drop the table accounts
Nov 08 07:03:01 +0000 OX-672db7a5389cc [    error]  Unable to drop table rv_acls
Nov 08 07:03:01 +0000 OX-672db7a5389cc [    error]  Unable to drop the table acls
Nov 08 07:03:01 +0000 OX-672db7a5389cc [    error]  Unable to drop table rv_acls_channel
Nov 08 07:03:01 +0000 OX-672db7a5389cc [    error]  Unable to drop the table acls_channel
Nov 08 07:03:01 +0000 OX-672db7a5389cc [    error]  Unable to drop table rv_ad_category_assoc
Nov 08 07:03:01 +0000 OX-672db7a5389cc [    error]  Unable to drop the table ad_category_assoc
Nov 08 07:03:01 +0000 OX-672db7a5389cc [    error]  Unable to drop table rv_ad_zone_assoc
Nov 08 07:03:01 +0000 OX-672db7a5389cc [    error]  Unable to drop the table ad_zone_assoc
Nov 08 07:03:01 +0000 OX-672db7a5389cc [    error]  Unable to drop table rv_affiliates
Nov 08 07:03:01 +0000 OX-672db7a5389cc [    error]  Unable to drop the table affiliates
Nov 08 07:03:01 +0000 OX-672db7a5389cc [    error]  Unable to drop table rv_affiliates_extra
Nov 08 07:03:01 +0000 OX-672db7a5389cc [    error]  Unable to drop the table affiliates_extra
Nov 08 07:03:01 +0000 OX-672db7a5389cc [    error]  Unable to drop table rv_agency
Nov 08 07:03:01 +0000 OX-672db7a5389cc [    error]  Unable to drop the table agency
Nov 08 07:03:01 +0000 OX-672db7a5389cc [    error]  Unable to drop table rv_application_variable
Nov 08 07:03:01 +0000 OX-672db7a5389cc [    error]  Unable to drop the table application_variable
Nov 08 07:03:01 +0000 OX-672db7a5389cc [    error]  Unable to drop table rv_audit
Nov 08 07:03:01 +0000 OX-672db7a5389cc [    error]  Unable to drop the table audit
Nov 08 07:03:01 +0000 OX-672db7a5389cc [    error]  Unable to drop table rv_banners
Nov 08 07:03:01 +0000 OX-672db7a5389cc [    error]  Unable to drop the table banners
Nov 08 07:03:01 +0000 OX-672db7a5389cc [    error]  Unable to drop table rv_campaigns
Nov 08 07:03:01 +0000 OX-672db7a5389cc [    error]  Unable to drop the table campaigns
Nov 08 07:03:01 +0000 OX-672db7a5389cc [    error]  Unable to drop table rv_campaigns_trackers
Nov 08 07:03:01 +0000 OX-672db7a5389cc [    error]  Unable to drop the table campaigns_trackers
Nov 08 07:03:01 +0000 OX-672db7a5389cc [    error]  Unable to drop table rv_category
Nov 08 07:03:01 +0000 OX-672db7a5389cc [    error]  Unable to drop the table category
Nov 08 07:03:01 +0000 OX-672db7a5389cc [    error]  Unable to drop table rv_channel
Nov 08 07:03:01 +0000 OX-672db7a5389cc [    error]  Unable to drop the table channel
Nov 08 07:03:01 +0000 OX-672db7a5389cc [    error]  Unable to drop table rv_clients
Nov 08 07:03:01 +0000 OX-672db7a5389cc [    error]  Unable to drop the table clients
Nov 08 07:03:01 +0000 OX-672db7a5389cc [    error]  Unable to drop table rv_data_intermediate_ad
Nov 08 07:03:01 +0000 OX-672db7a5389cc [    error]  Unable to drop the table data_intermediate_ad
Nov 08 07:03:01 +0000 OX-672db7a5389cc [    error]  Unable to drop table rv_data_intermediate_ad_connection
Nov 08 07:03:01 +0000 OX-672db7a5389cc [    error]  Unable to drop the table data_intermediate_ad_connection
Nov 08 07:03:01 +0000 OX-672db7a5389cc [    error]  Unable to drop table rv_data_intermediate_ad_variable_value
Nov 08 07:03:01 +0000 OX-672db7a5389cc [    error]  Unable to drop the table data_intermediate_ad_variable_value
Nov 08 07:03:01 +0000 OX-672db7a5389cc [    error]  Unable to drop table rv_data_raw_ad_click
Nov 08 07:03:01 +0000 OX-672db7a5389cc [    error]  Unable to drop the table data_raw_ad_click
Nov 08 07:03:01 +0000 OX-672db7a5389cc [    error]  Unable to drop table rv_data_raw_ad_impression
Nov 08 07:03:01 +0000 OX-672db7a5389cc [    error]  Unable to drop the table data_raw_ad_impression
Nov 08 07:03:01 +0000 OX-672db7a5389cc [    error]  Unable to drop table rv_data_raw_ad_request
Nov 08 07:03:01 +0000 OX-672db7a5389cc [    error]  Unable to drop the table data_raw_ad_request
Nov 08 07:03:01 +0000 OX-672db7a5389cc [    error]  Unable to drop table rv_data_raw_tracker_impression
Nov 08 07:03:01 +0000 OX-672db7a5389cc [    error]  Unable to drop the table data_raw_tracker_impression
Nov 08 07:03:01 +0000 OX-672db7a5389cc [    error]  Unable to drop table rv_data_raw_tracker_variable_value
Nov 08 07:03:01 +0000 OX-672db7a5389cc [    error]  Unable to drop the table data_raw_tracker_variable_value
Nov 08 07:03:01 +0000 OX-672db7a5389cc [    error]  Unable to drop table rv_data_summary_ad_hourly
Nov 08 07:03:01 +0000 OX-672db7a5389cc [    error]  Unable to drop the table data_summary_ad_hourly
Nov 08 07:03:01 +0000 OX-672db7a5389cc [    error]  Unable to drop table rv_data_summary_ad_zone_assoc
Nov 08 07:03:01 +0000 OX-672db7a5389cc [    error]  Unable to drop the table data_summary_ad_zone_assoc
Nov 08 07:03:01 +0000 OX-672db7a5389cc [    error]  Unable to drop table rv_data_summary_channel_daily
Nov 08 07:03:01 +0000 OX-672db7a5389cc [    error]  Unable to drop the table data_summary_channel_daily
Nov 08 07:03:01 +0000 OX-672db7a5389cc [    error]  Unable to drop table rv_data_summary_zone_impression_history
Nov 08 07:03:01 +0000 OX-672db7a5389cc [    error]  Unable to drop the table data_summary_zone_impression_history
Nov 08 07:03:01 +0000 OX-672db7a5389cc [    error]  Unable to drop table rv_images
Nov 08 07:03:01 +0000 OX-672db7a5389cc [    error]  Unable to drop the table images
Nov 08 07:03:01 +0000 OX-672db7a5389cc [    error]  Unable to drop table rv_log_maintenance_forecasting
Nov 08 07:03:01 +0000 OX-672db7a5389cc [    error]  Unable to drop the table log_maintenance_forecasting
Nov 08 07:03:01 +0000 OX-672db7a5389cc [    error]  Unable to drop table rv_log_maintenance_priority
Nov 08 07:03:01 +0000 OX-672db7a5389cc [    error]  Unable to drop the table log_maintenance_priority
Nov 08 07:03:01 +0000 OX-672db7a5389cc [    error]  Unable to drop table rv_log_maintenance_statistics
Nov 08 07:03:01 +0000 OX-672db7a5389cc [    error]  Unable to drop the table log_maintenance_statistics
Nov 08 07:03:01 +0000 OX-672db7a5389cc [    error]  Unable to drop table rv_password_recovery
Nov 08 07:03:01 +0000 OX-672db7a5389cc [    error]  Unable to drop the table password_recovery
Nov 08 07:03:01 +0000 OX-672db7a5389cc [    error]  Unable to drop table rv_placement_zone_assoc
Nov 08 07:03:01 +0000 OX-672db7a5389cc [    error]  Unable to drop the table placement_zone_assoc
Nov 08 07:03:01 +0000 OX-672db7a5389cc [    error]  Unable to drop table rv_preferences
Nov 08 07:03:01 +0000 OX-672db7a5389cc [    error]  Unable to drop the table preferences
Nov 08 07:03:01 +0000 OX-672db7a5389cc [    error]  Unable to drop table rv_session
Nov 08 07:03:01 +0000 OX-672db7a5389cc [    error]  Unable to drop the table session
Nov 08 07:03:01 +0000 OX-672db7a5389cc [    error]  Unable to drop table rv_targetstats
Nov 08 07:03:01 +0000 OX-672db7a5389cc [    error]  Unable to drop the table targetstats
Nov 08 07:03:01 +0000 OX-672db7a5389cc [    error]  Unable to drop table rv_tracker_append
Nov 08 07:03:01 +0000 OX-672db7a5389cc [    error]  Unable to drop the table tracker_append
Nov 08 07:03:01 +0000 OX-672db7a5389cc [    error]  Unable to drop table rv_trackers
Nov 08 07:03:01 +0000 OX-672db7a5389cc [    error]  Unable to drop the table trackers
Nov 08 07:03:01 +0000 OX-672db7a5389cc [    error]  Unable to drop table rv_userlog
Nov 08 07:03:01 +0000 OX-672db7a5389cc [    error]  Unable to drop the table userlog
Nov 08 07:03:01 +0000 OX-672db7a5389cc [    error]  Unable to drop table rv_users
Nov 08 07:03:01 +0000 OX-672db7a5389cc [    error]  Unable to drop the table users
Nov 08 07:03:01 +0000 OX-672db7a5389cc [    error]  Unable to drop table rv_variable_publisher
Nov 08 07:03:01 +0000 OX-672db7a5389cc [    error]  Unable to drop the table variable_publisher
Nov 08 07:03:01 +0000 OX-672db7a5389cc [    error]  Unable to drop table rv_variables
Nov 08 07:03:01 +0000 OX-672db7a5389cc [    error]  Unable to drop the table variables
Nov 08 07:03:01 +0000 OX-672db7a5389cc [    error]  Unable to drop table rv_zones
Nov 08 07:03:01 +0000 OX-672db7a5389cc [    error]  Unable to drop the table zones
Nov 08 07:03:27 +0000 OX-plugins-672db7bf632a4 [     info]  starting _checkPackageContents openXBannerTypes.xml
Nov 08 07:03:27 +0000 OX-plugins-672db7bf632a4 [     info]  expecting definition openXBannerTypes.xml
Nov 08 07:03:27 +0000 OX-plugins-672db7bf632a4 [     info]  detected plugin definition file /plugins/etc/openXBannerTypes.xml
Nov 08 07:03:27 +0000 OX-plugins-672db7bf632a4 [     info]  detected group definition file /plugins/etc/oxText/oxText.xml
Nov 08 07:03:27 +0000 OX-plugins-672db7bf632a4 [     info]  detected group definition file /plugins/etc/oxHtml/oxHtml.xml
Nov 08 07:03:27 +0000 OX-plugins-672db7bf632a4 [     info]  Executing _checkOpenXCompatibility for oxHtml
Nov 08 07:03:27 +0000 OX-plugins-672db7bf632a4 [     info]  Executing _checkSystemEnvironment for oxHtml
Nov 08 07:03:27 +0000 OX-plugins-672db7bf632a4 [     info]  Executing _checkDatabaseEnvironment for oxHtml
Nov 08 07:03:27 +0000 OX-plugins-672db7bf632a4 [     info]  Executing _runScript for oxHtml
Nov 08 07:03:27 +0000 OX-plugins-672db7bf632a4 [     info]  Executing _checkDependenciesForInstallOrEnable for oxHtml
Nov 08 07:03:27 +0000 OX-plugins-672db7bf632a4 [     info]  Executing _checkFiles for oxHtml
Nov 08 07:03:27 +0000 OX-plugins-672db7bf632a4 [     info]  Executing _checkNavigationCheckers for oxHtml
Nov 08 07:03:27 +0000 OX-plugins-672db7bf632a4 [     info]  Executing _checkMenus for oxHtml
Nov 08 07:03:27 +0000 OX-plugins-672db7bf632a4 [     info]  Executing _registerSchema for oxHtml
Nov 08 07:03:27 +0000 OX-plugins-672db7bf632a4 [     info]  Executing _registerPreferences for oxHtml
Nov 08 07:03:27 +0000 OX-plugins-672db7bf632a4 [     info]  Executing _registerSettings for oxHtml
Nov 08 07:03:27 +0000 OX-plugins-672db7bf632a4 [     info]  Executing disableComponentGroup for oxHtml
Nov 08 07:03:27 +0000 OX-plugins-672db7bf632a4 [     info]  Executing _registerPluginVersion for oxHtml
Nov 08 07:03:27 +0000 OX-plugins-672db7bf632a4 [     info]  Executing _runScript for oxHtml
Nov 08 07:03:27 +0000 OX-plugins-672db7bf632a4 [     info]  Executing _checkOpenXCompatibility for oxText
Nov 08 07:03:27 +0000 OX-plugins-672db7bf632a4 [     info]  Executing _checkSystemEnvironment for oxText
Nov 08 07:03:27 +0000 OX-plugins-672db7bf632a4 [     info]  Executing _checkDatabaseEnvironment for oxText
Nov 08 07:03:27 +0000 OX-plugins-672db7bf632a4 [     info]  Executing _runScript for oxText
Nov 08 07:03:27 +0000 OX-plugins-672db7bf632a4 [     info]  Executing _checkDependenciesForInstallOrEnable for oxText
Nov 08 07:03:27 +0000 OX-plugins-672db7bf632a4 [     info]  Executing _checkFiles for oxText
Nov 08 07:03:27 +0000 OX-plugins-672db7bf632a4 [     info]  Executing _checkNavigationCheckers for oxText
Nov 08 07:03:27 +0000 OX-plugins-672db7bf632a4 [     info]  Executing _checkMenus for oxText
Nov 08 07:03:27 +0000 OX-plugins-672db7bf632a4 [     info]  Executing _registerSchema for oxText
Nov 08 07:03:27 +0000 OX-plugins-672db7bf632a4 [     info]  Executing _registerPreferences for oxText
Nov 08 07:03:27 +0000 OX-plugins-672db7bf632a4 [     info]  Executing _registerSettings for oxText
Nov 08 07:03:27 +0000 OX-plugins-672db7bf632a4 [     info]  Executing disableComponentGroup for oxText
Nov 08 07:03:27 +0000 OX-plugins-672db7bf632a4 [     info]  Executing _registerPluginVersion for oxText
Nov 08 07:03:27 +0000 OX-plugins-672db7bf632a4 [     info]  Executing _runScript for oxText
Nov 08 07:03:27 +0000 OX-672db7bf632a4 [  warning]  count(): Parameter must be an array or an object that implements Countable
Nov 08 07:03:30 +0000 OX-plugins-672db7c25f10d [     info]  starting _checkPackageContents openXDeliveryLimitations.xml
Nov 08 07:03:30 +0000 OX-plugins-672db7c25f10d [     info]  expecting definition openXDeliveryLimitations.xml
Nov 08 07:03:30 +0000 OX-plugins-672db7c25f10d [     info]  detected group definition file /plugins/etc/Time/Time.xml
Nov 08 07:03:30 +0000 OX-plugins-672db7c25f10d [     info]  detected group definition file /plugins/etc/Site/Site.xml
Nov 08 07:03:30 +0000 OX-plugins-672db7c25f10d [     info]  detected group definition file /plugins/etc/Client/Client.xml
Nov 08 07:03:30 +0000 OX-plugins-672db7c25f10d [     info]  detected plugin definition file /plugins/etc/openXDeliveryLimitations.xml
Nov 08 07:03:30 +0000 OX-plugins-672db7c25f10d [     info]  detected group definition file /plugins/etc/Geo/Geo.xml
Nov 08 07:03:30 +0000 OX-plugins-672db7c25f10d [     info]  Executing _checkOpenXCompatibility for Client
Nov 08 07:03:30 +0000 OX-plugins-672db7c25f10d [     info]  Executing _checkSystemEnvironment for Client
Nov 08 07:03:30 +0000 OX-plugins-672db7c25f10d [     info]  Executing _checkDatabaseEnvironment for Client
Nov 08 07:03:30 +0000 OX-plugins-672db7c25f10d [     info]  Executing _runScript for Client
Nov 08 07:03:30 +0000 OX-plugins-672db7c25f10d [     info]  Executing _checkDependenciesForInstallOrEnable for Client
Nov 08 07:03:30 +0000 OX-plugins-672db7c25f10d [     info]  Executing _checkFiles for Client
Nov 08 07:03:30 +0000 OX-plugins-672db7c25f10d [     info]  Executing _checkNavigationCheckers for Client
Nov 08 07:03:30 +0000 OX-plugins-672db7c25f10d [     info]  Executing _checkMenus for Client
Nov 08 07:03:30 +0000 OX-plugins-672db7c25f10d [     info]  Executing _registerSchema for Client
Nov 08 07:03:30 +0000 OX-plugins-672db7c25f10d [     info]  Executing _registerPreferences for Client
Nov 08 07:03:30 +0000 OX-plugins-672db7c25f10d [     info]  Executing _registerSettings for Client
Nov 08 07:03:30 +0000 OX-plugins-672db7c25f10d [     info]  Executing disableComponentGroup for Client
Nov 08 07:03:30 +0000 OX-plugins-672db7c25f10d [     info]  Executing _registerPluginVersion for Client
Nov 08 07:03:30 +0000 OX-plugins-672db7c25f10d [     info]  Executing _runScript for Client
Nov 08 07:03:30 +0000 OX-plugins-672db7c25f10d [     info]  Executing _checkOpenXCompatibility for Geo
Nov 08 07:03:30 +0000 OX-plugins-672db7c25f10d [     info]  Executing _checkSystemEnvironment for Geo
Nov 08 07:03:30 +0000 OX-plugins-672db7c25f10d [     info]  Executing _checkDatabaseEnvironment for Geo
Nov 08 07:03:30 +0000 OX-plugins-672db7c25f10d [     info]  Executing _runScript for Geo
Nov 08 07:03:30 +0000 OX-plugins-672db7c25f10d [     info]  Executing _checkDependenciesForInstallOrEnable for Geo
Nov 08 07:03:30 +0000 OX-plugins-672db7c25f10d [     info]  Executing _checkFiles for Geo
Nov 08 07:03:30 +0000 OX-plugins-672db7c25f10d [     info]  Executing _checkNavigationCheckers for Geo
Nov 08 07:03:30 +0000 OX-plugins-672db7c25f10d [     info]  Executing _checkMenus for Geo
Nov 08 07:03:30 +0000 OX-plugins-672db7c25f10d [     info]  Executing _registerSchema for Geo
Nov 08 07:03:30 +0000 OX-plugins-672db7c25f10d [     info]  Executing _registerPreferences for Geo
Nov 08 07:03:30 +0000 OX-plugins-672db7c25f10d [     info]  Executing _registerSettings for Geo
Nov 08 07:03:30 +0000 OX-plugins-672db7c25f10d [     info]  Executing disableComponentGroup for Geo
Nov 08 07:03:30 +0000 OX-plugins-672db7c25f10d [     info]  Executing _registerPluginVersion for Geo
Nov 08 07:03:30 +0000 OX-plugins-672db7c25f10d [     info]  Executing _runScript for Geo
Nov 08 07:03:30 +0000 OX-plugins-672db7c25f10d [     info]  Executing _checkOpenXCompatibility for Site
Nov 08 07:03:30 +0000 OX-plugins-672db7c25f10d [     info]  Executing _checkSystemEnvironment for Site
Nov 08 07:03:30 +0000 OX-plugins-672db7c25f10d [     info]  Executing _checkDatabaseEnvironment for Site
Nov 08 07:03:30 +0000 OX-plugins-672db7c25f10d [     info]  Executing _runScript for Site
Nov 08 07:03:30 +0000 OX-plugins-672db7c25f10d [     info]  Executing _checkDependenciesForInstallOrEnable for Site
Nov 08 07:03:30 +0000 OX-plugins-672db7c25f10d [     info]  Executing _checkFiles for Site
Nov 08 07:03:30 +0000 OX-plugins-672db7c25f10d [     info]  Executing _checkNavigationCheckers for Site
Nov 08 07:03:30 +0000 OX-plugins-672db7c25f10d [     info]  Executing _checkMenus for Site
Nov 08 07:03:30 +0000 OX-plugins-672db7c25f10d [     info]  Executing _registerSchema for Site
Nov 08 07:03:30 +0000 OX-plugins-672db7c25f10d [     info]  Executing _registerPreferences for Site
Nov 08 07:03:30 +0000 OX-plugins-672db7c25f10d [     info]  Executing _registerSettings for Site
Nov 08 07:03:30 +0000 OX-plugins-672db7c25f10d [     info]  Executing disableComponentGroup for Site
Nov 08 07:03:30 +0000 OX-plugins-672db7c25f10d [     info]  Executing _registerPluginVersion for Site
Nov 08 07:03:30 +0000 OX-plugins-672db7c25f10d [     info]  Executing _runScript for Site
Nov 08 07:03:30 +0000 OX-plugins-672db7c25f10d [     info]  Executing _checkOpenXCompatibility for Time
Nov 08 07:03:30 +0000 OX-plugins-672db7c25f10d [     info]  Executing _checkSystemEnvironment for Time
Nov 08 07:03:30 +0000 OX-plugins-672db7c25f10d [     info]  Executing _checkDatabaseEnvironment for Time
Nov 08 07:03:30 +0000 OX-plugins-672db7c25f10d [     info]  Executing _runScript for Time
Nov 08 07:03:30 +0000 OX-plugins-672db7c25f10d [     info]  Executing _checkDependenciesForInstallOrEnable for Time
Nov 08 07:03:30 +0000 OX-plugins-672db7c25f10d [     info]  Executing _checkFiles for Time
Nov 08 07:03:30 +0000 OX-plugins-672db7c25f10d [     info]  Executing _checkNavigationCheckers for Time
Nov 08 07:03:30 +0000 OX-plugins-672db7c25f10d [     info]  Executing _checkMenus for Time
Nov 08 07:03:30 +0000 OX-plugins-672db7c25f10d [     info]  Executing _registerSchema for Time
Nov 08 07:03:30 +0000 OX-plugins-672db7c25f10d [     info]  Executing _registerPreferences for Time
Nov 08 07:03:30 +0000 OX-plugins-672db7c25f10d [     info]  Executing _registerSettings for Time
Nov 08 07:03:30 +0000 OX-plugins-672db7c25f10d [     info]  Executing disableComponentGroup for Time
Nov 08 07:03:30 +0000 OX-plugins-672db7c25f10d [     info]  Executing _registerPluginVersion for Time
Nov 08 07:03:30 +0000 OX-plugins-672db7c25f10d [     info]  Executing _runScript for Time
Nov 08 07:03:30 +0000 OX-672db7c25f10d [  warning]  count(): Parameter must be an array or an object that implements Countable
Nov 08 07:03:33 +0000 OX-plugins-672db7c579df0 [     info]  starting _checkPackageContents openXReports.xml
Nov 08 07:03:33 +0000 OX-plugins-672db7c579df0 [     info]  expecting definition openXReports.xml
Nov 08 07:03:33 +0000 OX-plugins-672db7c579df0 [     info]  detected group definition file /plugins/etc/oxReportsAdmin/oxReportsAdmin.xml
Nov 08 07:03:33 +0000 OX-plugins-672db7c579df0 [     info]  detected plugin definition file /plugins/etc/openXReports.xml
Nov 08 07:03:33 +0000 OX-plugins-672db7c579df0 [     info]  detected group definition file /plugins/etc/oxReportsStandard/oxReportsStandard.xml
Nov 08 07:03:33 +0000 OX-plugins-672db7c579df0 [     info]  Executing _checkOpenXCompatibility for oxReportsStandard
Nov 08 07:03:33 +0000 OX-plugins-672db7c579df0 [     info]  Executing _checkSystemEnvironment for oxReportsStandard
Nov 08 07:03:33 +0000 OX-plugins-672db7c579df0 [     info]  Executing _checkDatabaseEnvironment for oxReportsStandard
Nov 08 07:03:33 +0000 OX-plugins-672db7c579df0 [     info]  Executing _runScript for oxReportsStandard
Nov 08 07:03:33 +0000 OX-plugins-672db7c579df0 [     info]  Executing _checkDependenciesForInstallOrEnable for oxReportsStandard
Nov 08 07:03:33 +0000 OX-plugins-672db7c579df0 [     info]  Executing _checkFiles for oxReportsStandard
Nov 08 07:03:33 +0000 OX-plugins-672db7c579df0 [     info]  Executing _checkNavigationCheckers for oxReportsStandard
Nov 08 07:03:33 +0000 OX-plugins-672db7c579df0 [     info]  Executing _checkMenus for oxReportsStandard
Nov 08 07:03:33 +0000 OX-plugins-672db7c579df0 [     info]  Executing _registerSchema for oxReportsStandard
Nov 08 07:03:33 +0000 OX-plugins-672db7c579df0 [     info]  Executing _registerPreferences for oxReportsStandard
Nov 08 07:03:33 +0000 OX-plugins-672db7c579df0 [     info]  Executing _registerSettings for oxReportsStandard
Nov 08 07:03:33 +0000 OX-plugins-672db7c579df0 [     info]  Executing disableComponentGroup for oxReportsStandard
Nov 08 07:03:33 +0000 OX-plugins-672db7c579df0 [     info]  Executing _registerPluginVersion for oxReportsStandard
Nov 08 07:03:33 +0000 OX-plugins-672db7c579df0 [     info]  Executing _runScript for oxReportsStandard
Nov 08 07:03:33 +0000 OX-plugins-672db7c579df0 [     info]  Executing _checkOpenXCompatibility for oxReportsAdmin
Nov 08 07:03:33 +0000 OX-plugins-672db7c579df0 [     info]  Executing _checkSystemEnvironment for oxReportsAdmin
Nov 08 07:03:33 +0000 OX-plugins-672db7c579df0 [     info]  Executing _checkDatabaseEnvironment for oxReportsAdmin
Nov 08 07:03:33 +0000 OX-plugins-672db7c579df0 [     info]  Executing _runScript for oxReportsAdmin
Nov 08 07:03:33 +0000 OX-plugins-672db7c579df0 [     info]  Executing _checkDependenciesForInstallOrEnable for oxReportsAdmin
Nov 08 07:03:33 +0000 OX-plugins-672db7c579df0 [     info]  Executing _checkFiles for oxReportsAdmin
Nov 08 07:03:33 +0000 OX-plugins-672db7c579df0 [     info]  Executing _checkNavigationCheckers for oxReportsAdmin
Nov 08 07:03:33 +0000 OX-plugins-672db7c579df0 [     info]  Executing _checkMenus for oxReportsAdmin
Nov 08 07:03:33 +0000 OX-plugins-672db7c579df0 [     info]  Executing _registerSchema for oxReportsAdmin
Nov 08 07:03:33 +0000 OX-plugins-672db7c579df0 [     info]  Executing _registerPreferences for oxReportsAdmin
Nov 08 07:03:33 +0000 OX-plugins-672db7c579df0 [     info]  Executing _registerSettings for oxReportsAdmin
Nov 08 07:03:33 +0000 OX-plugins-672db7c579df0 [     info]  Executing disableComponentGroup for oxReportsAdmin
Nov 08 07:03:33 +0000 OX-plugins-672db7c579df0 [     info]  Executing _registerPluginVersion for oxReportsAdmin
Nov 08 07:03:33 +0000 OX-plugins-672db7c579df0 [     info]  Executing _runScript for oxReportsAdmin
Nov 08 07:03:33 +0000 OX-672db7c579df0 [  warning]  count(): Parameter must be an array or an object that implements Countable
Nov 08 07:03:36 +0000 OX-plugins-672db7c8a0c67 [     info]  starting _checkPackageContents openXDeliveryCacheStore.xml
Nov 08 07:03:36 +0000 OX-plugins-672db7c8a0c67 [     info]  expecting definition openXDeliveryCacheStore.xml
Nov 08 07:03:36 +0000 OX-plugins-672db7c8a0c67 [     info]  detected group definition file /plugins/etc/oxMemcached/oxMemcached.xml
Nov 08 07:03:36 +0000 OX-plugins-672db7c8a0c67 [     info]  detected plugin definition file /plugins/etc/openXDeliveryCacheStore.xml
Nov 08 07:03:36 +0000 OX-plugins-672db7c8a0c67 [     info]  detected group definition file /plugins/etc/oxCacheFile/oxCacheFile.xml
Nov 08 07:03:36 +0000 OX-plugins-672db7c8a0c67 [     info]  Executing _checkOpenXCompatibility for oxCacheFile
Nov 08 07:03:36 +0000 OX-plugins-672db7c8a0c67 [     info]  Executing _checkSystemEnvironment for oxCacheFile
Nov 08 07:03:36 +0000 OX-plugins-672db7c8a0c67 [     info]  Executing _checkDatabaseEnvironment for oxCacheFile
Nov 08 07:03:36 +0000 OX-plugins-672db7c8a0c67 [     info]  Executing _runScript for oxCacheFile
Nov 08 07:03:36 +0000 OX-plugins-672db7c8a0c67 [     info]  Executing _checkDependenciesForInstallOrEnable for oxCacheFile
Nov 08 07:03:36 +0000 OX-plugins-672db7c8a0c67 [     info]  Executing _checkFiles for oxCacheFile
Nov 08 07:03:36 +0000 OX-plugins-672db7c8a0c67 [     info]  Executing _checkNavigationCheckers for oxCacheFile
Nov 08 07:03:36 +0000 OX-plugins-672db7c8a0c67 [     info]  Executing _checkMenus for oxCacheFile
Nov 08 07:03:36 +0000 OX-plugins-672db7c8a0c67 [     info]  Executing _registerSchema for oxCacheFile
Nov 08 07:03:36 +0000 OX-plugins-672db7c8a0c67 [     info]  Executing _registerPreferences for oxCacheFile
Nov 08 07:03:36 +0000 OX-plugins-672db7c8a0c67 [     info]  Executing _registerSettings for oxCacheFile
Nov 08 07:03:36 +0000 OX-plugins-672db7c8a0c67 [     info]  Executing disableComponentGroup for oxCacheFile
Nov 08 07:03:36 +0000 OX-plugins-672db7c8a0c67 [     info]  Executing _registerPluginVersion for oxCacheFile
Nov 08 07:03:36 +0000 OX-plugins-672db7c8a0c67 [     info]  Executing _runScript for oxCacheFile
Nov 08 07:03:36 +0000 OX-plugins-672db7c8a0c67 [     info]  Executing _checkOpenXCompatibility for oxMemcached
Nov 08 07:03:36 +0000 OX-plugins-672db7c8a0c67 [     info]  Executing _checkSystemEnvironment for oxMemcached
Nov 08 07:03:36 +0000 OX-plugins-672db7c8a0c67 [     info]  Executing _checkDatabaseEnvironment for oxMemcached
Nov 08 07:03:36 +0000 OX-plugins-672db7c8a0c67 [     info]  Executing _runScript for oxMemcached
Nov 08 07:03:36 +0000 OX-plugins-672db7c8a0c67 [     info]  Executing _checkDependenciesForInstallOrEnable for oxMemcached
Nov 08 07:03:36 +0000 OX-plugins-672db7c8a0c67 [     info]  Executing _checkFiles for oxMemcached
Nov 08 07:03:36 +0000 OX-plugins-672db7c8a0c67 [     info]  Executing _checkNavigationCheckers for oxMemcached
Nov 08 07:03:36 +0000 OX-plugins-672db7c8a0c67 [     info]  Executing _checkMenus for oxMemcached
Nov 08 07:03:36 +0000 OX-plugins-672db7c8a0c67 [     info]  Executing _registerSchema for oxMemcached
Nov 08 07:03:36 +0000 OX-plugins-672db7c8a0c67 [     info]  Executing _registerPreferences for oxMemcached
Nov 08 07:03:36 +0000 OX-plugins-672db7c8a0c67 [     info]  Executing _registerSettings for oxMemcached
Nov 08 07:03:36 +0000 OX-plugins-672db7c8a0c67 [     info]  Executing disableComponentGroup for oxMemcached
Nov 08 07:03:36 +0000 OX-plugins-672db7c8a0c67 [     info]  Executing _registerPluginVersion for oxMemcached
Nov 08 07:03:36 +0000 OX-plugins-672db7c8a0c67 [     info]  Executing _runScript for oxMemcached
Nov 08 07:03:36 +0000 OX-672db7c8a0c67 [  warning]  count(): Parameter must be an array or an object that implements Countable
Nov 08 07:03:39 +0000 OX-plugins-672db7cb9d58e [     info]  starting _checkPackageContents openXInvocationTags.xml
Nov 08 07:03:39 +0000 OX-plugins-672db7cb9d58e [     info]  expecting definition openXInvocationTags.xml
Nov 08 07:03:39 +0000 OX-plugins-672db7cb9d58e [     info]  detected group definition file /plugins/etc/oxInvocationTags/oxInvocationTags.xml
Nov 08 07:03:39 +0000 OX-plugins-672db7cb9d58e [     info]  detected plugin definition file /plugins/etc/openXInvocationTags.xml
Nov 08 07:03:39 +0000 OX-plugins-672db7cb9d58e [     info]  Executing _checkOpenXCompatibility for oxInvocationTags
Nov 08 07:03:39 +0000 OX-plugins-672db7cb9d58e [     info]  Executing _checkSystemEnvironment for oxInvocationTags
Nov 08 07:03:39 +0000 OX-plugins-672db7cb9d58e [     info]  Executing _checkDatabaseEnvironment for oxInvocationTags
Nov 08 07:03:39 +0000 OX-plugins-672db7cb9d58e [     info]  Executing _runScript for oxInvocationTags
Nov 08 07:03:39 +0000 OX-plugins-672db7cb9d58e [     info]  Executing _checkDependenciesForInstallOrEnable for oxInvocationTags
Nov 08 07:03:39 +0000 OX-plugins-672db7cb9d58e [     info]  Executing _checkFiles for oxInvocationTags
Nov 08 07:03:39 +0000 OX-plugins-672db7cb9d58e [     info]  Executing _checkNavigationCheckers for oxInvocationTags
Nov 08 07:03:39 +0000 OX-plugins-672db7cb9d58e [     info]  Executing _checkMenus for oxInvocationTags
Nov 08 07:03:39 +0000 OX-plugins-672db7cb9d58e [     info]  Executing _registerSchema for oxInvocationTags
Nov 08 07:03:39 +0000 OX-plugins-672db7cb9d58e [     info]  Executing _registerPreferences for oxInvocationTags
Nov 08 07:03:39 +0000 OX-plugins-672db7cb9d58e [     info]  Executing _registerSettings for oxInvocationTags
Nov 08 07:03:39 +0000 OX-plugins-672db7cb9d58e [     info]  Executing disableComponentGroup for oxInvocationTags
Nov 08 07:03:39 +0000 OX-plugins-672db7cb9d58e [     info]  Executing _registerPluginVersion for oxInvocationTags
Nov 08 07:03:39 +0000 OX-plugins-672db7cb9d58e [     info]  Executing _runScript for oxInvocationTags
Nov 08 07:03:39 +0000 OX-672db7cb9d58e [  warning]  count(): Parameter must be an array or an object that implements Countable
Nov 08 07:03:42 +0000 OX-plugins-672db7cea9be1 [     info]  starting _checkPackageContents openXDeliveryLog.xml
Nov 08 07:03:42 +0000 OX-plugins-672db7cea9be1 [     info]  expecting definition openXDeliveryLog.xml
Nov 08 07:03:42 +0000 OX-plugins-672db7cea9be1 [     info]  detected plugin definition file /plugins/etc/openXDeliveryLog.xml
Nov 08 07:03:42 +0000 OX-plugins-672db7cea9be1 [     info]  detected group definition file /plugins/etc/oxLogRequest/oxLogRequest.xml
Nov 08 07:03:42 +0000 OX-plugins-672db7cea9be1 [     info]  detected group definition file /plugins/etc/oxLogConversion/oxLogConversion.xml
Nov 08 07:03:42 +0000 OX-plugins-672db7cea9be1 [     info]  detected group definition file /plugins/etc/oxLogImpression/oxLogImpression.xml
Nov 08 07:03:42 +0000 OX-plugins-672db7cea9be1 [     info]  detected group definition file /plugins/etc/oxLogClick/oxLogClick.xml
Nov 08 07:03:42 +0000 OX-plugins-672db7cea9be1 [     info]  detected group definition file /plugins/etc/oxDeliveryDataPrepare/oxDeliveryDataPrepare.xml
Nov 08 07:03:42 +0000 OX-plugins-672db7cea9be1 [     info]  Executing _checkOpenXCompatibility for oxDeliveryDataPrepare
Nov 08 07:03:42 +0000 OX-plugins-672db7cea9be1 [     info]  Executing _checkSystemEnvironment for oxDeliveryDataPrepare
Nov 08 07:03:42 +0000 OX-plugins-672db7cea9be1 [     info]  Executing _checkDatabaseEnvironment for oxDeliveryDataPrepare
Nov 08 07:03:42 +0000 OX-plugins-672db7cea9be1 [     info]  Executing _runScript for oxDeliveryDataPrepare
Nov 08 07:03:42 +0000 OX-plugins-672db7cea9be1 [     info]  Executing _checkDependenciesForInstallOrEnable for oxDeliveryDataPrepare
Nov 08 07:03:42 +0000 OX-plugins-672db7cea9be1 [     info]  Executing _checkFiles for oxDeliveryDataPrepare
Nov 08 07:03:42 +0000 OX-plugins-672db7cea9be1 [     info]  Executing _checkNavigationCheckers for oxDeliveryDataPrepare
Nov 08 07:03:42 +0000 OX-plugins-672db7cea9be1 [     info]  Executing _checkMenus for oxDeliveryDataPrepare
Nov 08 07:03:42 +0000 OX-plugins-672db7cea9be1 [     info]  Executing _registerSchema for oxDeliveryDataPrepare
Nov 08 07:03:42 +0000 OX-plugins-672db7cea9be1 [     info]  Executing _registerPreferences for oxDeliveryDataPrepare
Nov 08 07:03:42 +0000 OX-plugins-672db7cea9be1 [     info]  Executing _registerSettings for oxDeliveryDataPrepare
Nov 08 07:03:42 +0000 OX-plugins-672db7cea9be1 [     info]  Executing disableComponentGroup for oxDeliveryDataPrepare
Nov 08 07:03:42 +0000 OX-plugins-672db7cea9be1 [     info]  Executing _registerPluginVersion for oxDeliveryDataPrepare
Nov 08 07:03:42 +0000 OX-plugins-672db7cea9be1 [     info]  Executing _runScript for oxDeliveryDataPrepare
Nov 08 07:03:42 +0000 OX-plugins-672db7cea9be1 [     info]  Executing _checkOpenXCompatibility for oxLogClick
Nov 08 07:03:42 +0000 OX-plugins-672db7cea9be1 [     info]  Executing _checkSystemEnvironment for oxLogClick
Nov 08 07:03:42 +0000 OX-plugins-672db7cea9be1 [     info]  Executing _checkDatabaseEnvironment for oxLogClick
Nov 08 07:03:42 +0000 OX-plugins-672db7cea9be1 [     info]  Executing _runScript for oxLogClick
Nov 08 07:03:42 +0000 OX-plugins-672db7cea9be1 [     info]  Executing _checkDependenciesForInstallOrEnable for oxLogClick
Nov 08 07:03:42 +0000 OX-plugins-672db7cea9be1 [     info]  Executing _checkFiles for oxLogClick
Nov 08 07:03:42 +0000 OX-plugins-672db7cea9be1 [     info]  Executing _checkNavigationCheckers for oxLogClick
Nov 08 07:03:42 +0000 OX-plugins-672db7cea9be1 [     info]  Executing _checkMenus for oxLogClick
Nov 08 07:03:42 +0000 OX-plugins-672db7cea9be1 [     info]  Executing _registerSchema for oxLogClick
Nov 08 07:03:42 +0000 OX-plugins-672db7cea9be1 [     info]  Executing _registerPreferences for oxLogClick
Nov 08 07:03:42 +0000 OX-plugins-672db7cea9be1 [     info]  Executing _registerSettings for oxLogClick
Nov 08 07:03:42 +0000 OX-plugins-672db7cea9be1 [     info]  Executing disableComponentGroup for oxLogClick
Nov 08 07:03:42 +0000 OX-plugins-672db7cea9be1 [     info]  Executing _registerPluginVersion for oxLogClick
Nov 08 07:03:42 +0000 OX-plugins-672db7cea9be1 [     info]  Executing _runScript for oxLogClick
Nov 08 07:03:42 +0000 OX-plugins-672db7cea9be1 [     info]  Executing _checkOpenXCompatibility for oxLogConversion
Nov 08 07:03:42 +0000 OX-plugins-672db7cea9be1 [     info]  Executing _checkSystemEnvironment for oxLogConversion
Nov 08 07:03:42 +0000 OX-plugins-672db7cea9be1 [     info]  Executing _checkDatabaseEnvironment for oxLogConversion
Nov 08 07:03:42 +0000 OX-plugins-672db7cea9be1 [     info]  Executing _runScript for oxLogConversion
Nov 08 07:03:42 +0000 OX-plugins-672db7cea9be1 [     info]  Executing _checkDependenciesForInstallOrEnable for oxLogConversion
Nov 08 07:03:42 +0000 OX-plugins-672db7cea9be1 [     info]  Executing _checkFiles for oxLogConversion
Nov 08 07:03:42 +0000 OX-plugins-672db7cea9be1 [     info]  Executing _checkNavigationCheckers for oxLogConversion
Nov 08 07:03:42 +0000 OX-plugins-672db7cea9be1 [     info]  Executing _checkMenus for oxLogConversion
Nov 08 07:03:42 +0000 OX-plugins-672db7cea9be1 [     info]  Executing _registerSchema for oxLogConversion
Nov 08 07:03:42 +0000 OX-plugins-672db7cea9be1 [     info]  Executing _registerPreferences for oxLogConversion
Nov 08 07:03:42 +0000 OX-plugins-672db7cea9be1 [     info]  Executing _registerSettings for oxLogConversion
Nov 08 07:03:42 +0000 OX-plugins-672db7cea9be1 [     info]  Executing disableComponentGroup for oxLogConversion
Nov 08 07:03:42 +0000 OX-plugins-672db7cea9be1 [     info]  Executing _registerPluginVersion for oxLogConversion
Nov 08 07:03:42 +0000 OX-plugins-672db7cea9be1 [     info]  Executing _runScript for oxLogConversion
Nov 08 07:03:42 +0000 OX-plugins-672db7cea9be1 [     info]  Executing _checkOpenXCompatibility for oxLogImpression
Nov 08 07:03:42 +0000 OX-plugins-672db7cea9be1 [     info]  Executing _checkSystemEnvironment for oxLogImpression
Nov 08 07:03:42 +0000 OX-plugins-672db7cea9be1 [     info]  Executing _checkDatabaseEnvironment for oxLogImpression
Nov 08 07:03:42 +0000 OX-plugins-672db7cea9be1 [     info]  Executing _runScript for oxLogImpression
Nov 08 07:03:42 +0000 OX-plugins-672db7cea9be1 [     info]  Executing _checkDependenciesForInstallOrEnable for oxLogImpression
Nov 08 07:03:42 +0000 OX-plugins-672db7cea9be1 [     info]  Executing _checkFiles for oxLogImpression
Nov 08 07:03:42 +0000 OX-plugins-672db7cea9be1 [     info]  Executing _checkNavigationCheckers for oxLogImpression
Nov 08 07:03:42 +0000 OX-plugins-672db7cea9be1 [     info]  Executing _checkMenus for oxLogImpression
Nov 08 07:03:42 +0000 OX-plugins-672db7cea9be1 [     info]  Executing _registerSchema for oxLogImpression
Nov 08 07:03:42 +0000 OX-plugins-672db7cea9be1 [     info]  Executing _registerPreferences for oxLogImpression
Nov 08 07:03:42 +0000 OX-plugins-672db7cea9be1 [     info]  Executing _registerSettings for oxLogImpression
Nov 08 07:03:42 +0000 OX-plugins-672db7cea9be1 [     info]  Executing disableComponentGroup for oxLogImpression
Nov 08 07:03:42 +0000 OX-plugins-672db7cea9be1 [     info]  Executing _registerPluginVersion for oxLogImpression
Nov 08 07:03:42 +0000 OX-plugins-672db7cea9be1 [     info]  Executing _runScript for oxLogImpression
Nov 08 07:03:42 +0000 OX-plugins-672db7cea9be1 [     info]  Executing _checkOpenXCompatibility for oxLogRequest
Nov 08 07:03:42 +0000 OX-plugins-672db7cea9be1 [     info]  Executing _checkSystemEnvironment for oxLogRequest
Nov 08 07:03:42 +0000 OX-plugins-672db7cea9be1 [     info]  Executing _checkDatabaseEnvironment for oxLogRequest
Nov 08 07:03:42 +0000 OX-plugins-672db7cea9be1 [     info]  Executing _runScript for oxLogRequest
Nov 08 07:03:42 +0000 OX-plugins-672db7cea9be1 [     info]  Executing _checkDependenciesForInstallOrEnable for oxLogRequest
Nov 08 07:03:42 +0000 OX-plugins-672db7cea9be1 [     info]  Executing _checkFiles for oxLogRequest
Nov 08 07:03:42 +0000 OX-plugins-672db7cea9be1 [     info]  Executing _checkNavigationCheckers for oxLogRequest
Nov 08 07:03:42 +0000 OX-plugins-672db7cea9be1 [     info]  Executing _checkMenus for oxLogRequest
Nov 08 07:03:42 +0000 OX-plugins-672db7cea9be1 [     info]  Executing _registerSchema for oxLogRequest
Nov 08 07:03:42 +0000 OX-plugins-672db7cea9be1 [     info]  Executing _registerPreferences for oxLogRequest
Nov 08 07:03:42 +0000 OX-plugins-672db7cea9be1 [     info]  Executing _registerSettings for oxLogRequest
Nov 08 07:03:42 +0000 OX-plugins-672db7cea9be1 [     info]  Executing disableComponentGroup for oxLogRequest
Nov 08 07:03:42 +0000 OX-plugins-672db7cea9be1 [     info]  Executing _registerPluginVersion for oxLogRequest
Nov 08 07:03:42 +0000 OX-plugins-672db7cea9be1 [     info]  Executing _runScript for oxLogRequest
Nov 08 07:03:43 +0000 OX-672db7cea9be1 [  warning]  count(): Parameter must be an array or an object that implements Countable
Nov 08 07:03:45 +0000 OX-plugins-672db7d1ddf54 [     info]  starting _checkPackageContents openXVideoAds.xml
Nov 08 07:03:45 +0000 OX-plugins-672db7d1ddf54 [     info]  expecting definition openXVideoAds.xml
Nov 08 07:03:45 +0000 OX-plugins-672db7d1ddf54 [     info]  detected group definition file /plugins/etc/videoReport/videoReport.xml
Nov 08 07:03:45 +0000 OX-plugins-672db7d1ddf54 [     info]  detected group definition file /plugins/etc/oxLogVast/oxLogVast.xml
Nov 08 07:03:45 +0000 OX-plugins-672db7d1ddf54 [     info]  detected plugin definition file /plugins/etc/openXVideoAds.xml
Nov 08 07:03:45 +0000 OX-plugins-672db7d1ddf54 [     info]  detected group definition file /plugins/etc/vastInlineBannerTypeHtml/vastInlineBannerTypeHtml.xml
Nov 08 07:03:45 +0000 OX-plugins-672db7d1ddf54 [     info]  detected group definition file /plugins/etc/vastServeVideoPlayer/vastServeVideoPlayer.xml
Nov 08 07:03:45 +0000 OX-plugins-672db7d1ddf54 [     info]  detected group definition file /plugins/etc/vastOverlayBannerTypeHtml/vastOverlayBannerTypeHtml.xml
Nov 08 07:03:45 +0000 OX-plugins-672db7d1ddf54 [     info]  Executing _checkOpenXCompatibility for vastInlineBannerTypeHtml
Nov 08 07:03:45 +0000 OX-plugins-672db7d1ddf54 [     info]  Executing _checkSystemEnvironment for vastInlineBannerTypeHtml
Nov 08 07:03:45 +0000 OX-plugins-672db7d1ddf54 [     info]  Executing _checkDatabaseEnvironment for vastInlineBannerTypeHtml
Nov 08 07:03:45 +0000 OX-plugins-672db7d1ddf54 [     info]  Executing _runScript for vastInlineBannerTypeHtml
Nov 08 07:03:45 +0000 OX-plugins-672db7d1ddf54 [     info]  Executing _checkDependenciesForInstallOrEnable for vastInlineBannerTypeHtml
Nov 08 07:03:45 +0000 OX-plugins-672db7d1ddf54 [     info]  Executing _checkFiles for vastInlineBannerTypeHtml
Nov 08 07:03:45 +0000 OX-plugins-672db7d1ddf54 [     info]  Executing _checkNavigationCheckers for vastInlineBannerTypeHtml
Nov 08 07:03:45 +0000 OX-plugins-672db7d1ddf54 [     info]  Executing _checkMenus for vastInlineBannerTypeHtml
Nov 08 07:03:45 +0000 OX-plugins-672db7d1ddf54 [     info]  Executing _registerSchema for vastInlineBannerTypeHtml
Nov 08 07:03:46 +0000 OX-plugins-672db7d1ddf54 [     info]  Executing _registerPreferences for vastInlineBannerTypeHtml
Nov 08 07:03:46 +0000 OX-plugins-672db7d1ddf54 [     info]  Executing _registerSettings for vastInlineBannerTypeHtml
Nov 08 07:03:46 +0000 OX-plugins-672db7d1ddf54 [     info]  Executing disableComponentGroup for vastInlineBannerTypeHtml
Nov 08 07:03:46 +0000 OX-plugins-672db7d1ddf54 [     info]  Executing _registerPluginVersion for vastInlineBannerTypeHtml
Nov 08 07:03:46 +0000 OX-plugins-672db7d1ddf54 [     info]  Executing _runScript for vastInlineBannerTypeHtml
Nov 08 07:03:46 +0000 OX-plugins-672db7d1ddf54 [     info]  Executing _checkOpenXCompatibility for vastOverlayBannerTypeHtml
Nov 08 07:03:46 +0000 OX-plugins-672db7d1ddf54 [     info]  Executing _checkSystemEnvironment for vastOverlayBannerTypeHtml
Nov 08 07:03:46 +0000 OX-plugins-672db7d1ddf54 [     info]  Executing _checkDatabaseEnvironment for vastOverlayBannerTypeHtml
Nov 08 07:03:46 +0000 OX-plugins-672db7d1ddf54 [     info]  Executing _runScript for vastOverlayBannerTypeHtml
Nov 08 07:03:46 +0000 OX-plugins-672db7d1ddf54 [     info]  Executing _checkDependenciesForInstallOrEnable for vastOverlayBannerTypeHtml
Nov 08 07:03:46 +0000 OX-plugins-672db7d1ddf54 [     info]  Executing _checkFiles for vastOverlayBannerTypeHtml
Nov 08 07:03:46 +0000 OX-plugins-672db7d1ddf54 [     info]  Executing _checkNavigationCheckers for vastOverlayBannerTypeHtml
Nov 08 07:03:46 +0000 OX-plugins-672db7d1ddf54 [     info]  Executing _checkMenus for vastOverlayBannerTypeHtml
Nov 08 07:03:46 +0000 OX-plugins-672db7d1ddf54 [     info]  Executing _registerSchema for vastOverlayBannerTypeHtml
Nov 08 07:03:46 +0000 OX-plugins-672db7d1ddf54 [     info]  Executing _registerPreferences for vastOverlayBannerTypeHtml
Nov 08 07:03:46 +0000 OX-plugins-672db7d1ddf54 [     info]  Executing _registerSettings for vastOverlayBannerTypeHtml
Nov 08 07:03:46 +0000 OX-plugins-672db7d1ddf54 [     info]  Executing disableComponentGroup for vastOverlayBannerTypeHtml
Nov 08 07:03:46 +0000 OX-plugins-672db7d1ddf54 [     info]  Executing _registerPluginVersion for vastOverlayBannerTypeHtml
Nov 08 07:03:46 +0000 OX-plugins-672db7d1ddf54 [     info]  Executing _runScript for vastOverlayBannerTypeHtml
Nov 08 07:03:46 +0000 OX-plugins-672db7d1ddf54 [     info]  Executing _checkOpenXCompatibility for oxLogVast
Nov 08 07:03:46 +0000 OX-plugins-672db7d1ddf54 [     info]  Executing _checkSystemEnvironment for oxLogVast
Nov 08 07:03:46 +0000 OX-plugins-672db7d1ddf54 [     info]  Executing _checkDatabaseEnvironment for oxLogVast
Nov 08 07:03:46 +0000 OX-plugins-672db7d1ddf54 [     info]  Executing _runScript for oxLogVast
Nov 08 07:03:46 +0000 OX-plugins-672db7d1ddf54 [     info]  Executing _checkDependenciesForInstallOrEnable for oxLogVast
Nov 08 07:03:46 +0000 OX-plugins-672db7d1ddf54 [     info]  Executing _checkFiles for oxLogVast
Nov 08 07:03:46 +0000 OX-plugins-672db7d1ddf54 [     info]  Executing _checkNavigationCheckers for oxLogVast
Nov 08 07:03:46 +0000 OX-plugins-672db7d1ddf54 [     info]  Executing _checkMenus for oxLogVast
Nov 08 07:03:46 +0000 OX-plugins-672db7d1ddf54 [     info]  Executing _registerSchema for oxLogVast
Nov 08 07:03:46 +0000 OX-plugins-672db7d1ddf54 [     info]  Executing _registerPreferences for oxLogVast
Nov 08 07:03:46 +0000 OX-plugins-672db7d1ddf54 [     info]  Executing _registerSettings for oxLogVast
Nov 08 07:03:46 +0000 OX-plugins-672db7d1ddf54 [     info]  Executing disableComponentGroup for oxLogVast
Nov 08 07:03:46 +0000 OX-plugins-672db7d1ddf54 [     info]  Executing _registerPluginVersion for oxLogVast
Nov 08 07:03:46 +0000 OX-plugins-672db7d1ddf54 [     info]  Executing _runScript for oxLogVast
Nov 08 07:03:46 +0000 OX-plugins-672db7d1ddf54 [     info]  Executing _checkOpenXCompatibility for vastServeVideoPlayer
Nov 08 07:03:46 +0000 OX-plugins-672db7d1ddf54 [     info]  Executing _checkSystemEnvironment for vastServeVideoPlayer
Nov 08 07:03:46 +0000 OX-plugins-672db7d1ddf54 [     info]  Executing _checkDatabaseEnvironment for vastServeVideoPlayer
Nov 08 07:03:46 +0000 OX-plugins-672db7d1ddf54 [     info]  Executing _runScript for vastServeVideoPlayer
Nov 08 07:03:46 +0000 OX-plugins-672db7d1ddf54 [     info]  Executing _checkDependenciesForInstallOrEnable for vastServeVideoPlayer
Nov 08 07:03:46 +0000 OX-plugins-672db7d1ddf54 [     info]  Executing _checkFiles for vastServeVideoPlayer
Nov 08 07:03:46 +0000 OX-plugins-672db7d1ddf54 [     info]  Executing _checkNavigationCheckers for vastServeVideoPlayer
Nov 08 07:03:46 +0000 OX-plugins-672db7d1ddf54 [     info]  Executing _checkMenus for vastServeVideoPlayer
Nov 08 07:03:46 +0000 OX-plugins-672db7d1ddf54 [     info]  Executing _registerSchema for vastServeVideoPlayer
Nov 08 07:03:46 +0000 OX-plugins-672db7d1ddf54 [     info]  Executing _registerPreferences for vastServeVideoPlayer
Nov 08 07:03:46 +0000 OX-plugins-672db7d1ddf54 [     info]  Executing _registerSettings for vastServeVideoPlayer
Nov 08 07:03:46 +0000 OX-plugins-672db7d1ddf54 [     info]  Executing disableComponentGroup for vastServeVideoPlayer
Nov 08 07:03:46 +0000 OX-plugins-672db7d1ddf54 [     info]  Executing _registerPluginVersion for vastServeVideoPlayer
Nov 08 07:03:46 +0000 OX-plugins-672db7d1ddf54 [     info]  Executing _runScript for vastServeVideoPlayer
Nov 08 07:03:46 +0000 OX-plugins-672db7d1ddf54 [     info]  Executing _checkOpenXCompatibility for videoReport
Nov 08 07:03:46 +0000 OX-plugins-672db7d1ddf54 [     info]  Executing _checkSystemEnvironment for videoReport
Nov 08 07:03:46 +0000 OX-plugins-672db7d1ddf54 [     info]  Executing _checkDatabaseEnvironment for videoReport
Nov 08 07:03:46 +0000 OX-plugins-672db7d1ddf54 [     info]  Executing _runScript for videoReport
Nov 08 07:03:46 +0000 OX-plugins-672db7d1ddf54 [     info]  Executing _checkDependenciesForInstallOrEnable for videoReport
Nov 08 07:03:46 +0000 OX-plugins-672db7d1ddf54 [     info]  Executing _checkFiles for videoReport
Nov 08 07:03:46 +0000 OX-plugins-672db7d1ddf54 [     info]  Executing _checkNavigationCheckers for videoReport
Nov 08 07:03:46 +0000 OX-plugins-672db7d1ddf54 [     info]  Executing _checkMenus for videoReport
Nov 08 07:03:46 +0000 OX-plugins-672db7d1ddf54 [     info]  Executing _registerSchema for videoReport
Nov 08 07:03:46 +0000 OX-plugins-672db7d1ddf54 [     info]  Executing _registerPreferences for videoReport
Nov 08 07:03:46 +0000 OX-plugins-672db7d1ddf54 [     info]  Executing _registerSettings for videoReport
Nov 08 07:03:46 +0000 OX-plugins-672db7d1ddf54 [     info]  Executing disableComponentGroup for videoReport
Nov 08 07:03:46 +0000 OX-plugins-672db7d1ddf54 [     info]  Executing _registerPluginVersion for videoReport
Nov 08 07:03:46 +0000 OX-plugins-672db7d1ddf54 [     info]  Executing _runScript for videoReport
Nov 08 07:03:46 +0000 OX-672db7d1ddf54 [  warning]  count(): Parameter must be an array or an object that implements Countable
Nov 08 07:03:49 +0000 OX-plugins-672db7d545479 [     info]  starting _checkPackageContents reviveMaxMindGeoIP2.xml
Nov 08 07:03:49 +0000 OX-plugins-672db7d545479 [     info]  expecting definition reviveMaxMindGeoIP2.xml
Nov 08 07:03:49 +0000 OX-plugins-672db7d545479 [     info]  detected plugin definition file /plugins/etc/reviveMaxMindGeoIP2.xml
Nov 08 07:03:49 +0000 OX-plugins-672db7d545479 [     info]  detected group definition file /plugins/etc/rvMaxMindGeoIP2Maintenance/rvMaxMindGeoIP2Maintenance.xml
Nov 08 07:03:49 +0000 OX-plugins-672db7d545479 [     info]  detected group definition file /plugins/etc/rvMaxMindGeoIP2/rvMaxMindGeoIP2.xml
Nov 08 07:03:49 +0000 OX-plugins-672db7d545479 [     info]  Executing _checkOpenXCompatibility for rvMaxMindGeoIP2
Nov 08 07:03:49 +0000 OX-plugins-672db7d545479 [     info]  Executing _checkSystemEnvironment for rvMaxMindGeoIP2
Nov 08 07:03:49 +0000 OX-plugins-672db7d545479 [     info]  Executing _checkDatabaseEnvironment for rvMaxMindGeoIP2
Nov 08 07:03:49 +0000 OX-plugins-672db7d545479 [     info]  Executing _runScript for rvMaxMindGeoIP2
Nov 08 07:03:49 +0000 OX-plugins-672db7d545479 [     info]  Executing _checkDependenciesForInstallOrEnable for rvMaxMindGeoIP2
Nov 08 07:03:49 +0000 OX-plugins-672db7d545479 [     info]  Executing _checkFiles for rvMaxMindGeoIP2
Nov 08 07:03:49 +0000 OX-plugins-672db7d545479 [     info]  Executing _checkNavigationCheckers for rvMaxMindGeoIP2
Nov 08 07:03:49 +0000 OX-plugins-672db7d545479 [     info]  Executing _checkMenus for rvMaxMindGeoIP2
Nov 08 07:03:49 +0000 OX-plugins-672db7d545479 [     info]  Executing _registerSchema for rvMaxMindGeoIP2
Nov 08 07:03:49 +0000 OX-plugins-672db7d545479 [     info]  Executing _registerPreferences for rvMaxMindGeoIP2
Nov 08 07:03:49 +0000 OX-plugins-672db7d545479 [     info]  Executing _registerSettings for rvMaxMindGeoIP2
Nov 08 07:03:49 +0000 OX-plugins-672db7d545479 [     info]  Executing disableComponentGroup for rvMaxMindGeoIP2
Nov 08 07:03:49 +0000 OX-plugins-672db7d545479 [     info]  Executing _registerPluginVersion for rvMaxMindGeoIP2
Nov 08 07:03:49 +0000 OX-plugins-672db7d545479 [     info]  Executing _runScript for rvMaxMindGeoIP2
Nov 08 07:03:49 +0000 OX-plugins-672db7d545479 [     info]  Executing _checkOpenXCompatibility for rvMaxMindGeoIP2Maintenance
Nov 08 07:03:49 +0000 OX-plugins-672db7d545479 [     info]  Executing _checkSystemEnvironment for rvMaxMindGeoIP2Maintenance
Nov 08 07:03:49 +0000 OX-plugins-672db7d545479 [     info]  Executing _checkDatabaseEnvironment for rvMaxMindGeoIP2Maintenance
Nov 08 07:03:49 +0000 OX-plugins-672db7d545479 [     info]  Executing _runScript for rvMaxMindGeoIP2Maintenance
Nov 08 07:03:49 +0000 OX-plugins-672db7d545479 [     info]  Executing _checkDependenciesForInstallOrEnable for rvMaxMindGeoIP2Maintenance
Nov 08 07:03:49 +0000 OX-plugins-672db7d545479 [     info]  Executing _checkFiles for rvMaxMindGeoIP2Maintenance
Nov 08 07:03:49 +0000 OX-plugins-672db7d545479 [     info]  Executing _checkNavigationCheckers for rvMaxMindGeoIP2Maintenance
Nov 08 07:03:49 +0000 OX-plugins-672db7d545479 [     info]  Executing _checkMenus for rvMaxMindGeoIP2Maintenance
Nov 08 07:03:49 +0000 OX-plugins-672db7d545479 [     info]  Executing _registerSchema for rvMaxMindGeoIP2Maintenance
Nov 08 07:03:49 +0000 OX-plugins-672db7d545479 [     info]  Executing _registerPreferences for rvMaxMindGeoIP2Maintenance
Nov 08 07:03:49 +0000 OX-plugins-672db7d545479 [     info]  Executing _registerSettings for rvMaxMindGeoIP2Maintenance
Nov 08 07:03:49 +0000 OX-plugins-672db7d545479 [     info]  Executing disableComponentGroup for rvMaxMindGeoIP2Maintenance
Nov 08 07:03:49 +0000 OX-plugins-672db7d545479 [     info]  Executing _registerPluginVersion for rvMaxMindGeoIP2Maintenance
Nov 08 07:03:49 +0000 OX-plugins-672db7d545479 [     info]  Executing _runScript for rvMaxMindGeoIP2Maintenance
Nov 08 07:03:49 +0000 OX-plugins-672db7d545479 [  warning]  An error occurred trying to download the latest GeoIP2 database: Client error: `GET https://download.maxmind.com/app/geoip_download?edition_id=GeoLite2-City&amp;suffix=tar.gz.md5&amp;license_key=` resulted in a `401 Unauthorized` response:
Invalid license key


Nov 08 07:03:49 +0000 OX-672db7d545479 [  warning]  count(): Parameter must be an array or an object that implements Countable
